craneg_d_0000:
------------------------------------------------

craneg_d_0001:
commit: b49c60bffe09d17096d9d2965b5058c74d2e1cc8
Author: binwu <binwu@asrmicro.com>
Date:  Wed Jun 3 20:56:32 2020 +0800
------------------------------------------------
commit: f4d36b9de3ba1a5f19094ad20debb969018c129a
Author: binwu <binwu@asrmicro.com>
Date:  Wed Jun 3 06:34:07 2020 +0800
------------------------------------------------
commit: 9e9208a67bbcb615c26dd354d2319c7764a132d9
Author: yujunzhao <yujunzhao@asrmicro.com>
Date:  Wed Jun 3 20:07:23 2020 +0800
------------------------------------------------
commit: 956f30b292330e7fec7860725ddcf9a26a3759fc
Author: binwu <binwu@asrmicro.com>
Date:  Tue Jun 2 14:41:32 2020 +0800
------------------------------------------------

craneg_d_0002:
commit: b49c60bffe09d17096d9d2965b5058c74d2e1cc8
Author: binwu <binwu@asrmicro.com>
Date:  Wed Jun 3 20:56:32 2020 +0800
------------------------------------------------
commit: f4d36b9de3ba1a5f19094ad20debb969018c129a
Author: binwu <binwu@asrmicro.com>
Date:  Wed Jun 3 06:34:07 2020 +0800
------------------------------------------------
commit: 1a890d1ad2f802ea02728779c3b0e6fe9c1c3795
Author: Yike Qi <yikeqi@asrmicro.com>
Date:  Wed Jun 3 21:10:55 2020 +0800
------------------------------------------------
commit: 956f30b292330e7fec7860725ddcf9a26a3759fc
Author: binwu <binwu@asrmicro.com>
Date:  Tue Jun 2 14:41:32 2020 +0800
------------------------------------------------

craneg_d_0003:
commit: 82f133dfc0133e24665cc517cc4c4ae9835b0b1a
Author: binwu <binwu@asrmicro.com>
Date:  Thu Jun 4 03:23:53 2020 +0800
------------------------------------------------
commit: f4d36b9de3ba1a5f19094ad20debb969018c129a
Author: binwu <binwu@asrmicro.com>
Date:  Wed Jun 3 06:34:07 2020 +0800
------------------------------------------------
commit: 1a890d1ad2f802ea02728779c3b0e6fe9c1c3795
Author: Yike Qi <yikeqi@asrmicro.com>
Date:  Wed Jun 3 21:10:55 2020 +0800
------------------------------------------------
commit: 956f30b292330e7fec7860725ddcf9a26a3759fc
Author: binwu <binwu@asrmicro.com>
Date:  Tue Jun 2 14:41:32 2020 +0800
------------------------------------------------

craneg_d_0004:
commit: 5700f9c118a108c5479348c751da6801b42c7c2d
Author: binwu <binwu@asrmicro.com>
Date:  Thu Jun 4 03:49:50 2020 +0800
------------------------------------------------
commit: f4d36b9de3ba1a5f19094ad20debb969018c129a
Author: binwu <binwu@asrmicro.com>
Date:  Wed Jun 3 06:34:07 2020 +0800
------------------------------------------------
commit: 1a890d1ad2f802ea02728779c3b0e6fe9c1c3795
Author: Yike Qi <yikeqi@asrmicro.com>
Date:  Wed Jun 3 21:10:55 2020 +0800
------------------------------------------------
commit: 956f30b292330e7fec7860725ddcf9a26a3759fc
Author: binwu <binwu@asrmicro.com>
Date:  Tue Jun 2 14:41:32 2020 +0800
------------------------------------------------

craneg_d_0005:
commit: 90d4b0e5772b5a2d30c3661476bc523c8d74c3bc
Author: binwu <binwu@asrmicro.com>
Date:  Thu Jun 4 09:36:24 2020 +0800
------------------------------------------------
commit: 293451d5d7f513155197360a54ec98d680fae130
Author: binwu <binwu@asrmicro.com>
Date:  Thu Jun 4 08:14:12 2020 +0800
------------------------------------------------
commit: 1a890d1ad2f802ea02728779c3b0e6fe9c1c3795
Author: Yike Qi <yikeqi@asrmicro.com>
Date:  Wed Jun 3 21:10:55 2020 +0800
------------------------------------------------
commit: 956f30b292330e7fec7860725ddcf9a26a3759fc
Author: binwu <binwu@asrmicro.com>
Date:  Tue Jun 2 14:41:32 2020 +0800
------------------------------------------------

craneg_d_0006:
commit: 9f9fd4381770f9affcd123cc1ebad0fb0b51bbe0
Author: Jinyuan Guo <jinyuanguo@asrmicro.com>
Date:  Thu Jun 4 11:19:16 2020 +0800
------------------------------------------------
commit: 293451d5d7f513155197360a54ec98d680fae130
Author: binwu <binwu@asrmicro.com>
Date:  Thu Jun 4 08:14:12 2020 +0800
------------------------------------------------
commit: be905d5952dfb87a1db79495b1482e0db222e8db
Author: Tao Xue <taoxue@asrmicro.com>
Date:  Thu Jun 4 10:21:14 2020 +0800
------------------------------------------------
commit: 956f30b292330e7fec7860725ddcf9a26a3759fc
Author: binwu <binwu@asrmicro.com>
Date:  Tue Jun 2 14:41:32 2020 +0800
------------------------------------------------

craneg_d_0007:
commit: ad61ed510ad80f1a9c75a4e05cf94d59ba59945d
Author: Jessica Lu <jessicalu@asrmicro.com>
Date:  Thu Jun 4 14:09:37 2020 +0800
------------------------------------------------
commit: 293451d5d7f513155197360a54ec98d680fae130
Author: binwu <binwu@asrmicro.com>
Date:  Thu Jun 4 08:14:12 2020 +0800
------------------------------------------------
commit: e9c693f7a5e72132a760c245165ae17621e74da0
Author: Tao Xue <taoxue@asrmicro.com>
Date:  Thu Jun 4 13:58:18 2020 +0800
------------------------------------------------
commit: 956f30b292330e7fec7860725ddcf9a26a3759fc
Author: binwu <binwu@asrmicro.com>
Date:  Tue Jun 2 14:41:32 2020 +0800
------------------------------------------------

craneg_d_0008:
commit: ad61ed510ad80f1a9c75a4e05cf94d59ba59945d
Author: Jessica Lu <jessicalu@asrmicro.com>
Date:  Thu Jun 4 14:09:37 2020 +0800
------------------------------------------------
commit: 293451d5d7f513155197360a54ec98d680fae130
Author: binwu <binwu@asrmicro.com>
Date:  Thu Jun 4 08:14:12 2020 +0800
------------------------------------------------
commit: 0c021b9851d9da4ad5b2ede1e7e43a9a668f67de
Author: xianhongshao <xianhongshao@asrmicro.com>
Date:  Thu Jun 4 15:49:21 2020 +0800
------------------------------------------------
commit: 956f30b292330e7fec7860725ddcf9a26a3759fc
Author: binwu <binwu@asrmicro.com>
Date:  Tue Jun 2 14:41:32 2020 +0800
------------------------------------------------

craneg_d_0009:
commit: 6b3c94e85d2ccfb15372c79df2205ee2c1e1bbff
Author: Jinyuan Guo <jinyuanguo@asrmicro.com>
Date:  Thu Jun 4 17:58:39 2020 +0800
------------------------------------------------
commit: 293451d5d7f513155197360a54ec98d680fae130
Author: binwu <binwu@asrmicro.com>
Date:  Thu Jun 4 08:14:12 2020 +0800
------------------------------------------------
commit: fc2ccb5d451f53880980b575f756fbab555e6dba
Author: Yike Qi <yikeqi@asrmicro.com>
Date:  Thu Jun 4 17:05:43 2020 +0800
------------------------------------------------
commit: 956f30b292330e7fec7860725ddcf9a26a3759fc
Author: binwu <binwu@asrmicro.com>
Date:  Tue Jun 2 14:41:32 2020 +0800
------------------------------------------------

craneg_d_0010:
commit: 75092159a3e97a371400876b02d8874710302959
Author: binwu <binwu@asrmicro.com>
Date:  Fri Jun 5 03:22:49 2020 +0800
------------------------------------------------
commit: 293451d5d7f513155197360a54ec98d680fae130
Author: binwu <binwu@asrmicro.com>
Date:  Thu Jun 4 08:14:12 2020 +0800
------------------------------------------------
commit: fc2ccb5d451f53880980b575f756fbab555e6dba
Author: Yike Qi <yikeqi@asrmicro.com>
Date:  Thu Jun 4 17:05:43 2020 +0800
------------------------------------------------
commit: 956f30b292330e7fec7860725ddcf9a26a3759fc
Author: binwu <binwu@asrmicro.com>
Date:  Tue Jun 2 14:41:32 2020 +0800
------------------------------------------------

craneg_d_0011:
commit: a40b490f0d1145de98441d3bde420229aec327af
Author: binwu <binwu@asrmicro.com>
Date:  Fri Jun 5 03:48:41 2020 +0800
------------------------------------------------
commit: 293451d5d7f513155197360a54ec98d680fae130
Author: binwu <binwu@asrmicro.com>
Date:  Thu Jun 4 08:14:12 2020 +0800
------------------------------------------------
commit: fc2ccb5d451f53880980b575f756fbab555e6dba
Author: Yike Qi <yikeqi@asrmicro.com>
Date:  Thu Jun 4 17:05:43 2020 +0800
------------------------------------------------
commit: 956f30b292330e7fec7860725ddcf9a26a3759fc
Author: binwu <binwu@asrmicro.com>
Date:  Tue Jun 2 14:41:32 2020 +0800
------------------------------------------------

craneg_d_0012:
commit: f773045a78c4a3e5773dd883680c8e97ce900403
Author: binwu <binwu@asrmicro.com>
Date:  Fri Jun 5 07:55:48 2020 +0800
------------------------------------------------
commit: 293451d5d7f513155197360a54ec98d680fae130
Author: binwu <binwu@asrmicro.com>
Date:  Thu Jun 4 08:14:12 2020 +0800
------------------------------------------------
commit: fc2ccb5d451f53880980b575f756fbab555e6dba
Author: Yike Qi <yikeqi@asrmicro.com>
Date:  Thu Jun 4 17:05:43 2020 +0800
------------------------------------------------
commit: 956f30b292330e7fec7860725ddcf9a26a3759fc
Author: binwu <binwu@asrmicro.com>
Date:  Tue Jun 2 14:41:32 2020 +0800
------------------------------------------------

craneg_d_0013:
commit: e0dba1d32580305218a3028e55bdd345d1ac2ceb
Author: Jinyuan Guo <jinyuanguo@asrmicro.com>
Date:  Fri Jun 5 11:13:05 2020 +0800
------------------------------------------------
commit: 293451d5d7f513155197360a54ec98d680fae130
Author: binwu <binwu@asrmicro.com>
Date:  Thu Jun 4 08:14:12 2020 +0800
------------------------------------------------
commit: bb779e696bfddd3d5850f14b7814af67aa90891d
Author: Jinyuan Guo <jinyuanguo@asrmicro.com>
Date:  Fri Jun 5 11:13:35 2020 +0800
------------------------------------------------
commit: 956f30b292330e7fec7860725ddcf9a26a3759fc
Author: binwu <binwu@asrmicro.com>
Date:  Tue Jun 2 14:41:32 2020 +0800
------------------------------------------------

craneg_d_0014:
commit: e0dba1d32580305218a3028e55bdd345d1ac2ceb
Author: Jinyuan Guo <jinyuanguo@asrmicro.com>
Date:  Fri Jun 5 11:13:05 2020 +0800
------------------------------------------------
commit: 293451d5d7f513155197360a54ec98d680fae130
Author: binwu <binwu@asrmicro.com>
Date:  Thu Jun 4 08:14:12 2020 +0800
------------------------------------------------
commit: 6c1c276bdf5cbef608140f9885ae028f978b15ff
Author: Yike Qi <yikeqi@asrmicro.com>
Date:  Fri Jun 5 12:02:50 2020 +0800
------------------------------------------------
commit: 956f30b292330e7fec7860725ddcf9a26a3759fc
Author: binwu <binwu@asrmicro.com>
Date:  Tue Jun 2 14:41:32 2020 +0800
------------------------------------------------

craneg_d_0015:
commit: e0dba1d32580305218a3028e55bdd345d1ac2ceb
Author: Jinyuan Guo <jinyuanguo@asrmicro.com>
Date:  Fri Jun 5 11:13:05 2020 +0800
------------------------------------------------
commit: 293451d5d7f513155197360a54ec98d680fae130
Author: binwu <binwu@asrmicro.com>
Date:  Thu Jun 4 08:14:12 2020 +0800
------------------------------------------------
commit: add12475832ae37a14ac732a086b6999830ad9f1
Author: Jinyuan Guo <jinyuanguo@asrmicro.com>
Date:  Fri Jun 5 14:02:36 2020 +0800
------------------------------------------------
commit: 956f30b292330e7fec7860725ddcf9a26a3759fc
Author: binwu <binwu@asrmicro.com>
Date:  Tue Jun 2 14:41:32 2020 +0800
------------------------------------------------

craneg_d_0016:
commit: e0dba1d32580305218a3028e55bdd345d1ac2ceb
Author: Jinyuan Guo <jinyuanguo@asrmicro.com>
Date:  Fri Jun 5 11:13:05 2020 +0800
------------------------------------------------
commit: 293451d5d7f513155197360a54ec98d680fae130
Author: binwu <binwu@asrmicro.com>
Date:  Thu Jun 4 08:14:12 2020 +0800
------------------------------------------------
commit: 684a614b522234302cf85e57a1a18306b773f1aa
Author: Junlong Di <junlongdi@asrmicro.com>
Date:  Fri Jun 5 15:15:17 2020 +0800
------------------------------------------------
commit: 956f30b292330e7fec7860725ddcf9a26a3759fc
Author: binwu <binwu@asrmicro.com>
Date:  Tue Jun 2 14:41:32 2020 +0800
------------------------------------------------

craneg_d_0017:
commit: 318bd5dd199725789448ffce4214185e328dd33d
Author: Bin Wu <binwu@asrmicro.com>
Date:  Fri Jun 5 15:55:49 2020 +0800
------------------------------------------------
commit: 293451d5d7f513155197360a54ec98d680fae130
Author: binwu <binwu@asrmicro.com>
Date:  Thu Jun 4 08:14:12 2020 +0800
------------------------------------------------
commit: 745fdea1b5381341b4916901cabfd11c0c916468
Author: Jinyuan Guo <jinyuanguo@asrmicro.com>
Date:  Fri Jun 5 15:49:04 2020 +0800
------------------------------------------------
commit: 956f30b292330e7fec7860725ddcf9a26a3759fc
Author: binwu <binwu@asrmicro.com>
Date:  Tue Jun 2 14:41:32 2020 +0800
------------------------------------------------

craneg_d_0018:
commit: 59d048717a7fa6c048bbd9aebbbf0f4c6d64e752
Author: Yike Qi <yikeqi@asrmicro.com>
Date:  Fri Jun 5 17:37:26 2020 +0800
------------------------------------------------
commit: 293451d5d7f513155197360a54ec98d680fae130
Author: binwu <binwu@asrmicro.com>
Date:  Thu Jun 4 08:14:12 2020 +0800
------------------------------------------------
commit: cbec7f1e479f99c114d8489ae07c951a20f7bb54
Author: Yebin Sun <yebinsun@asrmicro.com>
Date:  Fri Jun 5 18:39:51 2020 +0800
------------------------------------------------
commit: 956f30b292330e7fec7860725ddcf9a26a3759fc
Author: binwu <binwu@asrmicro.com>
Date:  Tue Jun 2 14:41:32 2020 +0800
------------------------------------------------

craneg_d_0019:
commit: 9745506d56571588051d09b41dbdf7dd17a8e780
Author: Jinyuan Guo <jinyuanguo@asrmicro.com>
Date:  Fri Jun 5 19:18:36 2020 +0800
------------------------------------------------
commit: 293451d5d7f513155197360a54ec98d680fae130
Author: binwu <binwu@asrmicro.com>
Date:  Thu Jun 4 08:14:12 2020 +0800
------------------------------------------------
commit: 7670d0094d4bcf19a4f9ba20721211640940ba81
Author: Jinyuan Guo <jinyuanguo@asrmicro.com>
Date:  Fri Jun 5 19:18:44 2020 +0800
------------------------------------------------
commit: 956f30b292330e7fec7860725ddcf9a26a3759fc
Author: binwu <binwu@asrmicro.com>
Date:  Tue Jun 2 14:41:32 2020 +0800
------------------------------------------------

craneg_d_0020:
commit: 3e372922cab7116ab27968c989e9c8045a691b03
Author: Bin Wu <binwu@asrmicro.com>
Date:  Fri Jun 5 19:41:34 2020 +0800
------------------------------------------------
commit: 293451d5d7f513155197360a54ec98d680fae130
Author: binwu <binwu@asrmicro.com>
Date:  Thu Jun 4 08:14:12 2020 +0800
------------------------------------------------
commit: 849c52d647078ac23a11d5e0135d05ee16d718b9
Author: jinyuanguo <jinyuanguo@asrmicro.com>
Date:  Fri Jun 5 20:56:33 2020 +0800
------------------------------------------------
commit: 956f30b292330e7fec7860725ddcf9a26a3759fc
Author: binwu <binwu@asrmicro.com>
Date:  Tue Jun 2 14:41:32 2020 +0800
------------------------------------------------

craneg_d_0021:
commit: cdc4788d17298fcef59d30cf9979d3ed2f3fe1d1
Author: binwu <binwu@asrmicro.com>
Date:  Sat Jun 6 03:50:54 2020 +0800
------------------------------------------------
commit: 293451d5d7f513155197360a54ec98d680fae130
Author: binwu <binwu@asrmicro.com>
Date:  Thu Jun 4 08:14:12 2020 +0800
------------------------------------------------
commit: 849c52d647078ac23a11d5e0135d05ee16d718b9
Author: jinyuanguo <jinyuanguo@asrmicro.com>
Date:  Fri Jun 5 20:56:33 2020 +0800
------------------------------------------------
commit: 956f30b292330e7fec7860725ddcf9a26a3759fc
Author: binwu <binwu@asrmicro.com>
Date:  Tue Jun 2 14:41:32 2020 +0800
------------------------------------------------

craneg_d_0022:
commit: cdc4788d17298fcef59d30cf9979d3ed2f3fe1d1
Author: binwu <binwu@asrmicro.com>
Date:  Sat Jun 6 03:50:54 2020 +0800
------------------------------------------------
commit: de953b7e005f93f6241f74cf714df7579dec91d0
Author: binwu <binwu@asrmicro.com>
Date:  Sat Jun 6 06:35:29 2020 +0800
------------------------------------------------
commit: 849c52d647078ac23a11d5e0135d05ee16d718b9
Author: jinyuanguo <jinyuanguo@asrmicro.com>
Date:  Fri Jun 5 20:56:33 2020 +0800
------------------------------------------------
commit: 956f30b292330e7fec7860725ddcf9a26a3759fc
Author: binwu <binwu@asrmicro.com>
Date:  Tue Jun 2 14:41:32 2020 +0800
------------------------------------------------

craneg_d_0023:
commit: 21b271f9b2cebedac7ac20421ee16f92db72dcd0
Author: binwu <binwu@asrmicro.com>
Date:  Sat Jun 6 08:02:48 2020 +0800
------------------------------------------------
commit: de953b7e005f93f6241f74cf714df7579dec91d0
Author: binwu <binwu@asrmicro.com>
Date:  Sat Jun 6 06:35:29 2020 +0800
------------------------------------------------
commit: 849c52d647078ac23a11d5e0135d05ee16d718b9
Author: jinyuanguo <jinyuanguo@asrmicro.com>
Date:  Fri Jun 5 20:56:33 2020 +0800
------------------------------------------------
commit: 956f30b292330e7fec7860725ddcf9a26a3759fc
Author: binwu <binwu@asrmicro.com>
Date:  Tue Jun 2 14:41:32 2020 +0800
------------------------------------------------

craneg_d_0024:
commit: 21b271f9b2cebedac7ac20421ee16f92db72dcd0
Author: binwu <binwu@asrmicro.com>
Date:  Sat Jun 6 08:02:48 2020 +0800
------------------------------------------------
commit: de953b7e005f93f6241f74cf714df7579dec91d0
Author: binwu <binwu@asrmicro.com>
Date:  Sat Jun 6 06:35:29 2020 +0800
------------------------------------------------
commit: 9d7b9aab55700ffcb84efca02ca3474f91952673
Author: Tao Xue <taoxue@asrmicro.com>
Date:  Sat Jun 6 11:14:50 2020 +0800
------------------------------------------------
commit: 956f30b292330e7fec7860725ddcf9a26a3759fc
Author: binwu <binwu@asrmicro.com>
Date:  Tue Jun 2 14:41:32 2020 +0800
------------------------------------------------

craneg_d_0025:
commit: 7b25311e7e05456ee0bdc333874b3ac6093f0466
Author: taoxue <taoxue@asrmicro.com>
Date:  Sat Jun 6 13:29:24 2020 +0800
------------------------------------------------
commit: de953b7e005f93f6241f74cf714df7579dec91d0
Author: binwu <binwu@asrmicro.com>
Date:  Sat Jun 6 06:35:29 2020 +0800
------------------------------------------------
commit: 9d7b9aab55700ffcb84efca02ca3474f91952673
Author: Tao Xue <taoxue@asrmicro.com>
Date:  Sat Jun 6 11:14:50 2020 +0800
------------------------------------------------
commit: 956f30b292330e7fec7860725ddcf9a26a3759fc
Author: binwu <binwu@asrmicro.com>
Date:  Tue Jun 2 14:41:32 2020 +0800
------------------------------------------------

craneg_d_0026:
commit: 9b0b4cef9e518c322a2dd1c5221a0c534881dd3f
Author: xianhongshao <xianhongshao@asrmicro.com>
Date:  Sat Jun 6 17:01:26 2020 +0800
------------------------------------------------
commit: de953b7e005f93f6241f74cf714df7579dec91d0
Author: binwu <binwu@asrmicro.com>
Date:  Sat Jun 6 06:35:29 2020 +0800
------------------------------------------------
commit: 6ea5e546454f376fbe5a3096e3533926fb891875
Author: xianhongshao <xianhongshao@asrmicro.com>
Date:  Sat Jun 6 17:09:38 2020 +0800
------------------------------------------------
commit: 956f30b292330e7fec7860725ddcf9a26a3759fc
Author: binwu <binwu@asrmicro.com>
Date:  Tue Jun 2 14:41:32 2020 +0800
------------------------------------------------

craneg_d_0027:
commit: 8f96288cccc6dfbf7854d56c1d6756f0aac9b54b
Author: Yujun Zhao <yujunzhao@asrmicro.com>
Date:  Sat Jun 6 17:59:50 2020 +0800
------------------------------------------------
commit: de953b7e005f93f6241f74cf714df7579dec91d0
Author: binwu <binwu@asrmicro.com>
Date:  Sat Jun 6 06:35:29 2020 +0800
------------------------------------------------
commit: b4dc4d5e393113d59a728b8c8eb96f41d424addf
Author: yuanzhizheng <yuanzhizheng@asrmicro.com>
Date:  Sat Jun 6 18:51:14 2020 +0800
------------------------------------------------
commit: 956f30b292330e7fec7860725ddcf9a26a3759fc
Author: binwu <binwu@asrmicro.com>
Date:  Tue Jun 2 14:41:32 2020 +0800
------------------------------------------------

craneg_d_0028:
commit: 8f96288cccc6dfbf7854d56c1d6756f0aac9b54b
Author: Yujun Zhao <yujunzhao@asrmicro.com>
Date:  Sat Jun 6 17:59:50 2020 +0800
------------------------------------------------
commit: de953b7e005f93f6241f74cf714df7579dec91d0
Author: binwu <binwu@asrmicro.com>
Date:  Sat Jun 6 06:35:29 2020 +0800
------------------------------------------------
commit: 7c3c47bea4bd06117a761399d1212d787eac629a
Author: Yike Qi <yikeqi@asrmicro.com>
Date:  Sun Jun 7 12:21:56 2020 +0800
------------------------------------------------
commit: 956f30b292330e7fec7860725ddcf9a26a3759fc
Author: binwu <binwu@asrmicro.com>
Date:  Tue Jun 2 14:41:32 2020 +0800
------------------------------------------------

craneg_d_0029:
commit: 8f96288cccc6dfbf7854d56c1d6756f0aac9b54b
Author: Yujun Zhao <yujunzhao@asrmicro.com>
Date:  Sat Jun 6 17:59:50 2020 +0800
------------------------------------------------
commit: de953b7e005f93f6241f74cf714df7579dec91d0
Author: binwu <binwu@asrmicro.com>
Date:  Sat Jun 6 06:35:29 2020 +0800
------------------------------------------------
commit: 4eef536551f6eeaa0a7fa8773a8e94fc3077f1c2
Author: Jinyuan Guo <jinyuanguo@asrmicro.com>
Date:  Sun Jun 7 16:06:57 2020 +0800
------------------------------------------------
commit: 956f30b292330e7fec7860725ddcf9a26a3759fc
Author: binwu <binwu@asrmicro.com>
Date:  Tue Jun 2 14:41:32 2020 +0800
------------------------------------------------

craneg_d_0030:
commit: 8f96288cccc6dfbf7854d56c1d6756f0aac9b54b
Author: Yujun Zhao <yujunzhao@asrmicro.com>
Date:  Sat Jun 6 17:59:50 2020 +0800
------------------------------------------------
commit: de953b7e005f93f6241f74cf714df7579dec91d0
Author: binwu <binwu@asrmicro.com>
Date:  Sat Jun 6 06:35:29 2020 +0800
------------------------------------------------
commit: 0ce84fec55cb7ad78dbd97029e2dc4d80296c77a
Author: Jinyuan Guo <jinyuanguo@asrmicro.com>
Date:  Sun Jun 7 18:58:19 2020 +0800
------------------------------------------------
commit: 956f30b292330e7fec7860725ddcf9a26a3759fc
Author: binwu <binwu@asrmicro.com>
Date:  Tue Jun 2 14:41:32 2020 +0800
------------------------------------------------

craneg_d_0031:
commit: 8f96288cccc6dfbf7854d56c1d6756f0aac9b54b
Author: Yujun Zhao <yujunzhao@asrmicro.com>
Date:  Sat Jun 6 17:59:50 2020 +0800
------------------------------------------------
commit: de953b7e005f93f6241f74cf714df7579dec91d0
Author: binwu <binwu@asrmicro.com>
Date:  Sat Jun 6 06:35:29 2020 +0800
------------------------------------------------
commit: 96c267b653125a9074157fd3d8c2de298235342a
Author: yebinsun <yebinsun@asrmicro.com>
Date:  Sun Jun 7 22:24:16 2020 +0800
------------------------------------------------
commit: 956f30b292330e7fec7860725ddcf9a26a3759fc
Author: binwu <binwu@asrmicro.com>
Date:  Tue Jun 2 14:41:32 2020 +0800
------------------------------------------------

craneg_d_0032:
commit: 8f96288cccc6dfbf7854d56c1d6756f0aac9b54b
Author: Yujun Zhao <yujunzhao@asrmicro.com>
Date:  Sat Jun 6 17:59:50 2020 +0800
------------------------------------------------
commit: de953b7e005f93f6241f74cf714df7579dec91d0
Author: binwu <binwu@asrmicro.com>
Date:  Sat Jun 6 06:35:29 2020 +0800
------------------------------------------------
commit: f28a6b61cf7ed76c54d42379aaaf5d8eec70b3c1
Author: Yike Qi <yikeqi@asrmicro.com>
Date:  Sun Jun 7 23:37:37 2020 +0800
------------------------------------------------
commit: 956f30b292330e7fec7860725ddcf9a26a3759fc
Author: binwu <binwu@asrmicro.com>
Date:  Tue Jun 2 14:41:32 2020 +0800
------------------------------------------------

craneg_d_0033:
commit: 8705b5a5c0034d1c0e054fff06c4d74098dba0cd
Author: binwu <binwu@asrmicro.com>
Date:  Mon Jun 8 03:23:07 2020 +0800
------------------------------------------------
commit: de953b7e005f93f6241f74cf714df7579dec91d0
Author: binwu <binwu@asrmicro.com>
Date:  Sat Jun 6 06:35:29 2020 +0800
------------------------------------------------
commit: f28a6b61cf7ed76c54d42379aaaf5d8eec70b3c1
Author: Yike Qi <yikeqi@asrmicro.com>
Date:  Sun Jun 7 23:37:37 2020 +0800
------------------------------------------------
commit: 956f30b292330e7fec7860725ddcf9a26a3759fc
Author: binwu <binwu@asrmicro.com>
Date:  Tue Jun 2 14:41:32 2020 +0800
------------------------------------------------

craneg_d_0034:
commit: c037c9c58770260441aa33c51a464027c248a719
Author: binwu <binwu@asrmicro.com>
Date:  Mon Jun 8 03:49:22 2020 +0800
------------------------------------------------
commit: de953b7e005f93f6241f74cf714df7579dec91d0
Author: binwu <binwu@asrmicro.com>
Date:  Sat Jun 6 06:35:29 2020 +0800
------------------------------------------------
commit: f28a6b61cf7ed76c54d42379aaaf5d8eec70b3c1
Author: Yike Qi <yikeqi@asrmicro.com>
Date:  Sun Jun 7 23:37:37 2020 +0800
------------------------------------------------
commit: 956f30b292330e7fec7860725ddcf9a26a3759fc
Author: binwu <binwu@asrmicro.com>
Date:  Tue Jun 2 14:41:32 2020 +0800
------------------------------------------------

craneg_d_0035:
commit: c037c9c58770260441aa33c51a464027c248a719
Author: binwu <binwu@asrmicro.com>
Date:  Mon Jun 8 03:49:22 2020 +0800
------------------------------------------------
commit: 11095b9980988770b80f8e20cff5d37b6b7bbfd1
Author: binwu <binwu@asrmicro.com>
Date:  Mon Jun 8 06:36:24 2020 +0800
------------------------------------------------
commit: f28a6b61cf7ed76c54d42379aaaf5d8eec70b3c1
Author: Yike Qi <yikeqi@asrmicro.com>
Date:  Sun Jun 7 23:37:37 2020 +0800
------------------------------------------------
commit: 956f30b292330e7fec7860725ddcf9a26a3759fc
Author: binwu <binwu@asrmicro.com>
Date:  Tue Jun 2 14:41:32 2020 +0800
------------------------------------------------

craneg_d_0036:
commit: 3a45d52dada8ca679c2dab1c9aa904f40caed762
Author: binwu <binwu@asrmicro.com>
Date:  Mon Jun 8 08:07:05 2020 +0800
------------------------------------------------
commit: 11095b9980988770b80f8e20cff5d37b6b7bbfd1
Author: binwu <binwu@asrmicro.com>
Date:  Mon Jun 8 06:36:24 2020 +0800
------------------------------------------------
commit: f28a6b61cf7ed76c54d42379aaaf5d8eec70b3c1
Author: Yike Qi <yikeqi@asrmicro.com>
Date:  Sun Jun 7 23:37:37 2020 +0800
------------------------------------------------
commit: 956f30b292330e7fec7860725ddcf9a26a3759fc
Author: binwu <binwu@asrmicro.com>
Date:  Tue Jun 2 14:41:32 2020 +0800
------------------------------------------------

craneg_d_0037:
commit: 3a45d52dada8ca679c2dab1c9aa904f40caed762
Author: binwu <binwu@asrmicro.com>
Date:  Mon Jun 8 08:07:05 2020 +0800
------------------------------------------------
commit: 11095b9980988770b80f8e20cff5d37b6b7bbfd1
Author: binwu <binwu@asrmicro.com>
Date:  Mon Jun 8 06:36:24 2020 +0800
------------------------------------------------
commit: 7a18dac8adb6aca9c5872453b66275743555d15b
Author: Junlong Di <junlongdi@asrmicro.com>
Date:  Mon Jun 8 15:52:12 2020 +0800
------------------------------------------------
commit: 956f30b292330e7fec7860725ddcf9a26a3759fc
Author: binwu <binwu@asrmicro.com>
Date:  Tue Jun 2 14:41:32 2020 +0800
------------------------------------------------

craneg_d_0038:
commit: 0a8b9c62566bb9d91ea1aea7b37c455bb445f52c
Author: binwu <binwu@asrmicro.com>
Date:  Tue Jun 9 03:22:03 2020 +0800
------------------------------------------------
commit: 11095b9980988770b80f8e20cff5d37b6b7bbfd1
Author: binwu <binwu@asrmicro.com>
Date:  Mon Jun 8 06:36:24 2020 +0800
------------------------------------------------
commit: 1d3ffa55e4bfd63d797c170f2ad8bf9d4bf57641
Author: Tao Jiang <taojiang@asrmicro.com>
Date:  Mon Jun 8 18:00:19 2020 +0800
------------------------------------------------
commit: 1bde7f4bb2e1dca08ebff22ae6f31c35e7a83087
Author: jinyuanguo <jinyuanguo@asrmicro.com>
Date:  Mon Jun 8 19:13:10 2020 +0800
------------------------------------------------

craneg_d_0039:
commit: 089624fc1d8fc2260782429480c760c24ed9dfcf
Author: binwu <binwu@asrmicro.com>
Date:  Tue Jun 9 03:50:29 2020 +0800
------------------------------------------------
commit: 11095b9980988770b80f8e20cff5d37b6b7bbfd1
Author: binwu <binwu@asrmicro.com>
Date:  Mon Jun 8 06:36:24 2020 +0800
------------------------------------------------
commit: 1d3ffa55e4bfd63d797c170f2ad8bf9d4bf57641
Author: Tao Jiang <taojiang@asrmicro.com>
Date:  Mon Jun 8 18:00:19 2020 +0800
------------------------------------------------
commit: 1bde7f4bb2e1dca08ebff22ae6f31c35e7a83087
Author: jinyuanguo <jinyuanguo@asrmicro.com>
Date:  Mon Jun 8 19:13:10 2020 +0800
------------------------------------------------

craneg_d_0040:
commit: ca4cf62a93e9eb15721d3158d6d4515bc2b74968
Author: binwu <binwu@asrmicro.com>
Date:  Tue Jun 9 08:55:36 2020 +0800
------------------------------------------------
commit: c449c4a4be82b85f4f21c73e88dc34515c039539
Author: binwu <binwu@asrmicro.com>
Date:  Tue Jun 9 08:23:12 2020 +0800
------------------------------------------------
commit: 1d3ffa55e4bfd63d797c170f2ad8bf9d4bf57641
Author: Tao Jiang <taojiang@asrmicro.com>
Date:  Mon Jun 8 18:00:19 2020 +0800
------------------------------------------------
commit: 1bde7f4bb2e1dca08ebff22ae6f31c35e7a83087
Author: jinyuanguo <jinyuanguo@asrmicro.com>
Date:  Mon Jun 8 19:13:10 2020 +0800
------------------------------------------------

craneg_d_0041:
commit: 6f7ad17aaa94f8fdd72ef39b80eec13fa75598b3
Author: jinyuanguo <jinyuanguo@asrmicro.com>
Date:  Tue Jun 9 11:12:07 2020 +0800
------------------------------------------------
commit: c449c4a4be82b85f4f21c73e88dc34515c039539
Author: binwu <binwu@asrmicro.com>
Date:  Tue Jun 9 08:23:12 2020 +0800
------------------------------------------------
commit: 1d3ffa55e4bfd63d797c170f2ad8bf9d4bf57641
Author: Tao Jiang <taojiang@asrmicro.com>
Date:  Mon Jun 8 18:00:19 2020 +0800
------------------------------------------------
commit: 1bde7f4bb2e1dca08ebff22ae6f31c35e7a83087
Author: jinyuanguo <jinyuanguo@asrmicro.com>
Date:  Mon Jun 8 19:13:10 2020 +0800
------------------------------------------------

