crane_r1_plus_j_0000:
------------------------------------------------

crane_r1_plus_j_0001:
commit: f663c3172bacab46c1def88edd637eb2a3c50fba
Author: yebinsun <yebinsun@asrmicro.com>
Date:  Tue Apr 28 17:19:29 2020 +0800
------------------------------------------------

crane_r1_plus_j_0002:
commit: e4eae50bd9013eab788d8d151865971ff6960360
Author: yudeshi <yudeshi@asrmicro.com>
Date:  Wed Apr 29 13:49:11 2020 +0800
------------------------------------------------

crane_r1_plus_j_0003:
commit: 2c38721f2b98ea7f4ce39950243a45f2d4bd52aa
Author: binwu <binwu@asrmicro.com>
Date:  Thu Apr 30 19:53:18 2020 +0800
------------------------------------------------

crane_r1_plus_j_0004:
commit: ee52e908d7cc1b086a4ea103589940c2bb1f55de
Author: yuanzhizheng <yuanzhizheng@asrmicro.com>
Date:  Thu Apr 30 19:57:31 2020 +0800
------------------------------------------------

