crane_git_r1:
commit: 17fb6eb5a84204d5c10259b274792d9cf3d6c581
Author: jinyuanguo <jinyuanguo@asrmicro.com>
Date:  Wed Jan 8 10:28:48 2020 +0800
------------------------------------------------

crane_git_r2:
commit: 17fb6eb5a84204d5c10259b274792d9cf3d6c581
Author: jinyuanguo <jinyuanguo@asrmicro.com>
Date:  Wed Jan 8 10:28:48 2020 +0800
------------------------------------------------

crane_git_r3:
commit: 17fb6eb5a84204d5c10259b274792d9cf3d6c581
Author: jinyuanguo <jinyuanguo@asrmicro.com>
Date:  Wed Jan 8 10:28:48 2020 +0800
------------------------------------------------

crane_git_r4:
commit: 38769127487a0fc51d3886e0e65b9b99ac767ea4
Author: yebinsun <yebinsun@asrmicro.com>
Date:  Wed Jan 8 13:02:52 2020 +0800
------------------------------------------------

crane_git_r5:
commit: 57425fdc01f51fb0dc39adfa309a7fac11789eec
Author: yudeshi <yudeshi@asrmicro.com>
Date:  Wed Jan 8 14:24:22 2020 +0800
------------------------------------------------

crane_git_r6:
commit: f6507dd64ce95f75c1ed3ff16b88ab3ab612be4a
Author: miantianyu <miantianyu@asrmicro.com>
Date:  Wed Jan 8 16:40:53 2020 +0800
------------------------------------------------

crane_git_r7:
commit: f6507dd64ce95f75c1ed3ff16b88ab3ab612be4a
Author: miantianyu <miantianyu@asrmicro.com>
Date:  Wed Jan 8 16:40:53 2020 +0800
------------------------------------------------

crane_git_r8:
commit: 511023367e8ea0ea683c300ee8fff67664a068bf
Author: yujunzhao <yujunzhao@asrmicro.com>
Date:  Thu Jan 9 10:57:33 2020 +0800
------------------------------------------------

crane_git_r9:
commit: 48890c4bf35aab16c6f9ad77a2d2f533fae03386
Author: yujunzhao <yujunzhao@asrmicro.com>
Date:  Thu Jan 9 16:38:47 2020 +0800
------------------------------------------------

crane_git_r10:
commit: 43782477365476a87ba5e45fe3f9d7a246b20358
Author: jinyuanguo <jinyuanguo@asrmicro.com>
Date:  Thu Jan 9 17:25:30 2020 +0800
------------------------------------------------

crane_git_r11:
commit: 35be6706b713e720effbdcbe34d88e3630a77932
Author: jinyuanguo <jinyuanguo@asrmicro.com>
Date:  Fri Jan 10 10:20:49 2020 +0800
------------------------------------------------

crane_git_r12:
commit: 35be6706b713e720effbdcbe34d88e3630a77932
Author: jinyuanguo <jinyuanguo@asrmicro.com>
Date:  Fri Jan 10 10:20:49 2020 +0800
------------------------------------------------

crane_git_r13:
commit: c3c492dff778e2e601e8006256ce51a2eee56974
Author: jinyuanguo <jinyuanguo@asrmicro.com>
Date:  Fri Jan 10 14:50:10 2020 +0800
------------------------------------------------

crane_git_r14:
commit: ce366a5ec5e57eb1fdb0b84072d94785af2f1651
Author: yuanzhizheng <yuanzhizheng@asrmicro.com>
Date:  Fri Jan 10 23:03:07 2020 +0800
------------------------------------------------

crane_git_r15:
commit: 53a622935c5caa7aec1dc6d2725a9bcc3b51778c
Author: jinyuanguo <jinyuanguo@asrmicro.com>
Date:  Sun Jan 12 11:54:43 2020 +0800
------------------------------------------------

crane_git_r16:
commit: 582636ad126442ccd0ad4444c2491ba397562f06
Author: yuanzhizheng <yuanzhizheng@asrmicro.com>
Date:  Mon Jan 13 17:21:03 2020 +0800
------------------------------------------------

crane_git_r17:
commit: 6caa8a4699fbe6e968b355388b9e3cccd7a3ce07
Author: yuanzhizheng <yuanzhizheng@asrmicro.com>
Date:  Mon Jan 13 18:54:54 2020 +0800
------------------------------------------------

crane_git_r18:
commit: 3a79077d8b84a5a8e655a130a2c763c75a6e83ad
Author: yebinsun <yebinsun@asrmicro.com>
Date:  Mon Jan 13 21:05:14 2020 +0800
------------------------------------------------

crane_git_r19:
commit: c7f0cb7aecce6481e88f1674927850cdd5f331e7
Author: yuanzhizheng <yuanzhizheng@asrmicro.com>
Date:  Tue Jan 14 13:35:01 2020 +0800
------------------------------------------------

crane_git_r20:
commit: aea56b8c28e3e3d39d86735f10f1dc8edf0d7bf3
Author: yebinsun <yebinsun@asrmicro.com>
Date:  Tue Jan 14 16:55:47 2020 +0800
------------------------------------------------

crane_git_r21:
commit: 590ad43e08665d796a562829a2eced424200619e
Author: yuanzhizheng <yuanzhizheng@asrmicro.com>
Date:  Tue Jan 14 19:38:20 2020 +0800
------------------------------------------------

crane_git_r22:
commit: e2b9f3247b950fe50ba3345417dc1580c2a5b921
Author: yebinsun <yebinsun@asrmicro.com>
Date:  Tue Jan 14 20:08:39 2020 +0800
------------------------------------------------

crane_git_r23:
commit: 34e7a3b04b6c5b1e2d4e8e925fe1b238b26061d7
Author: yuanzhizheng <yuanzhizheng@asrmicro.com>
Date:  Wed Jan 15 10:58:57 2020 +0800
------------------------------------------------

crane_git_r24:
commit: 9fc18b1b7f05f276b5513e7c0c95c4d853a12bf0
Author: jinyuanguo <jinyuanguo@asrmicro.com>
Date:  Wed Jan 15 11:36:24 2020 +0800
------------------------------------------------

crane_git_r25:
commit: 9fc18b1b7f05f276b5513e7c0c95c4d853a12bf0
Author: jinyuanguo <jinyuanguo@asrmicro.com>
Date:  Wed Jan 15 11:36:24 2020 +0800
------------------------------------------------

crane_git_r26:
commit: 9fc18b1b7f05f276b5513e7c0c95c4d853a12bf0
Author: jinyuanguo <jinyuanguo@asrmicro.com>
Date:  Wed Jan 15 11:36:24 2020 +0800
------------------------------------------------

crane_git_r27:
commit: 97f3df9775afc5a44110a648c0bc98ef9efdf580
Author: binwu <binwu@asrmicro.com>
Date:  Wed Jan 15 13:47:16 2020 +0800
------------------------------------------------

crane_git_r28:
commit: 3aa91bbd8e2bd5434da21af2504971d93dec0da7
Author: zzb <zhenbozhan@asrmicro.com>
Date:  Wed Jan 15 14:53:42 2020 +0800
------------------------------------------------

crane_git_r29:
commit: 6173f09fde57b99c95bf4a6f8757f3f867a675a6
Author: yuanzhizheng <yuanzhizheng@asrmicro.com>
Date:  Wed Jan 15 20:48:43 2020 +0800
------------------------------------------------

crane_git_r30:
commit: 51f3df99b2cd9fdad6d184b99b64f9570a43f14a
Author: jinyuanguo <jinyuanguo@asrmicro.com>
Date:  Thu Jan 16 09:54:54 2020 +0800
------------------------------------------------

crane_git_r31:
commit: 1b49ce57742b06c972f8245dcca5428cf28dad8a
Author: binwu <binwu@asrmicro.com>
Date:  Thu Jan 16 10:58:16 2020 +0800
------------------------------------------------

crane_git_r32:
commit: 340884ba8780efd5172e1cd84a2843506ee8f7c8
Author: binwu <binwu@asrmicro.com>
Date:  Thu Jan 16 12:00:43 2020 +0800
------------------------------------------------

crane_git_r33:
commit: 1bf771ad4e0276e11aaeea9dd823d50b09d1610b
Author: yebinsun <yebinsun@asrmicro.com>
Date:  Thu Jan 16 15:55:21 2020 +0800
------------------------------------------------

crane_git_r34:
commit: 0398b87062da71409a116e55ddca87b956396c89
Author: yzhang <yzhang@asrmicro.com>
Date:  Thu Jan 16 18:08:02 2020 +0800
------------------------------------------------

crane_git_r35:
commit: 2848e9283d9502a898e9c76d9df22beadf1f3f37
Author: yuanzhizheng <yuanzhizheng@asrmicro.com>
Date:  Thu Jan 16 18:25:58 2020 +0800
------------------------------------------------

crane_git_r36:
commit: 62e446d7d28aecd693128ad1eee20c8224004d86
Author: binwu <binwu@asrmicro.com>
Date:  Fri Jan 17 11:35:15 2020 +0800
------------------------------------------------

crane_git_r37:
commit: 1d366e9eceb9085ed4035a69903d9bcdeb2b908b
Author: jinyuanguo <jinyuanguo@asrmicro.com>
Date:  Fri Jan 17 13:13:02 2020 +0800
------------------------------------------------

crane_git_r38:
commit: 8ce0931cc386ad09501953650f78333b9f949baf
Author: yudeshi <yudeshi@asrmicro.com>
Date:  Fri Jan 17 17:40:18 2020 +0800
------------------------------------------------

crane_git_r39:
commit: 527ac7131b1ebeff33a37bce309e04e1ad011f50
Author: binwu <binwu@asrmicro.com>
Date:  Fri Jan 17 18:42:58 2020 +0800
------------------------------------------------

crane_git_r40:
commit: 7a666e05934b97f4ec7b1ff5bebedb537c21b500
Author: yikeqi <yikeqi@asrmicro.com>
Date:  Fri Jan 17 20:10:18 2020 +0800
------------------------------------------------

crane_git_r41:
commit: 441806a4222b8ade6cc0d78831b6b383e47970f0
Author: jinyuanguo <jinyuanguo@asrmicro.com>
Date:  Sun Jan 19 16:37:01 2020 +0800
------------------------------------------------

crane_git_r42:
commit: cf6e55395890ac1a6a50387d22114fb83a0d2425
Author: yudeshi <yudeshi@asrmicro.com>
Date:  Mon Jan 20 08:41:52 2020 +0800
------------------------------------------------

crane_git_r43:
commit: eec85100f3b18adc3efbbf26b6023236bf1e020b
Author: yzhang <yzhang@asrmicro.com>
Date:  Mon Jan 20 14:43:53 2020 +0800
------------------------------------------------

crane_git_r44:
commit: 928d88c7d183c65e2529611e51f3ff0e07c064ac
Author: binwu <binwu@asrmicro.com>
Date:  Mon Jan 20 15:33:14 2020 +0800
------------------------------------------------

crane_git_r45:
commit: f7d81d9ae9040f85571568910db93cf295870c46
Author: yebinsun <yebinsun@asrmicro.com>
Date:  Mon Jan 20 20:43:11 2020 +0800
------------------------------------------------

crane_git_r46:
commit: 2e08e8617d0d8d876d5caa3c7c7b5123abc447e9
Author: yebinsun <yebinsun@asrmicro.com>
Date:  Tue Jan 21 21:43:37 2020 +0800
------------------------------------------------

crane_git_r47:
commit: 518e01ff47d9abd0b88e2d12b2106aa74c954cd8
Author: jinyuanguo <jinyuanguo@asrmicro.com>
Date:  Tue Feb 11 11:26:20 2020 +0800
------------------------------------------------

crane_git_r48:
commit: 45c053074d386ee8728a43cf5d1f267543665def
Author: jinyuanguo <jinyuanguo@asrmicro.com>
Date:  Mon Feb 17 16:22:06 2020 +0800
------------------------------------------------

crane_git_r49:
commit: ffbe53eec6212b0da59d73bda27eeeb1fdffa3a7
Author: jinyuanguo <jinyuanguo@asrmicro.com>
Date:  Mon Feb 17 16:44:20 2020 +0800
------------------------------------------------

crane_git_r50:
commit: 068e3cc46da4bde9913bee6fce78e633237a4fc1
Author: jinyuanguo <jinyuanguo@asrmicro.com>
Date:  Wed Mar 4 13:10:36 2020 +0800
------------------------------------------------

crane_git_r51:
commit: 7c166ecf57506a917549e549ed53e640d9ff1474
Author: jinyuanguo <jinyuanguo@asrmicro.com>
Date:  Wed Mar 4 18:21:16 2020 +0800
------------------------------------------------

crane_git_r52:
commit: 12ff4c6cd55aeb33237876ee2a9f01a9fd68401b
Author: jinyuanguo <jinyuanguo@asrmicro.com>
Date:  Thu Mar 5 14:41:48 2020 +0800
------------------------------------------------

crane_git_r53:
commit: cfa3ecaa2238905a221c5c82637f00d7fe09ee90
Author: jinyuanguo <jinyuanguo@asrmicro.com>
Date:  Fri Mar 6 15:33:42 2020 +0800
------------------------------------------------

crane_git_r54:
commit: 9ba033365cfcf8f422c113780c7b44cd3a648d37
Author: jinyuanguo <jinyuanguo@asrmicro.com>
Date:  Fri Mar 6 17:01:39 2020 +0800
------------------------------------------------

crane_git_r55:
commit: c8a77d2459e4f49c9583a254b918ba35c4d4b40f
Author: yuanzhizheng <yuanzhizheng@asrmicro.com>
Date:  Fri Mar 6 20:21:41 2020 +0800
------------------------------------------------

crane_git_r56:
commit: 73a38ff43172c301dd879fb85799b3f6b4a0a22f
Author: yuanzhizheng <yuanzhizheng@asrmicro.com>
Date:  Fri Mar 6 22:13:34 2020 +0800
------------------------------------------------

crane_git_r57:
commit: 1b4bb5e6db00099bf9d9bda30555896e4ad12454
Author: jinyuanguo <jinyuanguo@asrmicro.com>
Date:  Tue Mar 10 11:18:40 2020 +0800
------------------------------------------------

crane_git_r58:
commit: 2c671d987d3f8f3d017ab66e9dcadd710cca63b5
Author: chongchongzhou <chongchongzhou@asrmicro.com>
Date:  Tue Mar 10 13:43:35 2020 +0800
------------------------------------------------

crane_git_r59:
commit: 7f727a81966f7da50ab7c49c6603fc39f9b0ae05
Author: yebinsun <yebinsun@asrmicro.com>
Date:  Tue Mar 10 19:38:48 2020 +0800
------------------------------------------------

crane_git_r60:
commit: a56b68154a5341afbb372366128e90a355e1f002
Author: chongchongzhou <chongchongzhou@asrmicro.com>
Date:  Wed Mar 11 15:10:48 2020 +0800
------------------------------------------------

crane_git_r61:
commit: ec169f125a5942c93a2377375586cdb3b8ea8e1c
Author: yuanzhizheng <yuanzhizheng@asrmicro.com>
Date:  Wed Mar 11 15:31:28 2020 +0800
------------------------------------------------

crane_git_r62:
commit: 0a2aed09e415639539cfcbfe913360bb4b652e67
Author: jinyuanguo <jinyuanguo@asrmicro.com>
Date:  Thu Mar 12 13:30:07 2020 +0800
------------------------------------------------

crane_git_r63:
commit: e227c524152b607b985ebafe19630842f02cd0e6
Author: jinyuanguo <jinyuanguo@asrmicro.com>
Date:  Thu Mar 12 18:44:40 2020 +0800
------------------------------------------------

crane_git_r64:
commit: f58b005ac8919aa3c4110908b09702ae8693fe5e
Author: jinyuanguo <jinyuanguo@asrmicro.com>
Date:  Fri Mar 13 20:22:34 2020 +0800
------------------------------------------------

crane_git_r65:
commit: 6f4b080a852af08879e67db57ab0d941f9e81aeb
Author: yuanzhizheng <yuanzhizheng@asrmicro.com>
Date:  Fri Mar 13 23:18:26 2020 +0800
------------------------------------------------

crane_git_r66:
commit: 41c6af93899ac5a89bf6ddcda95e49b37854c1b9
Author: yebinsun <yebinsun@asrmicro.com>
Date:  Sat Mar 14 10:32:08 2020 +0800
------------------------------------------------

crane_git_r67:
commit: 174b4b12b12ba3cec48753d1702f3667f9c72dc5
Author: jinyuanguo <jinyuanguo@asrmicro.com>
Date:  Sat Mar 14 13:07:22 2020 +0800
------------------------------------------------

crane_git_r68:
commit: 5653cb2616a810e71caa5ca11e184f5cafe19d59
Author: jinyuanguo <jinyuanguo@asrmicro.com>
Date:  Sun Mar 15 11:07:58 2020 +0800
------------------------------------------------

crane_git_r69:
commit: 5653cb2616a810e71caa5ca11e184f5cafe19d59
Author: jinyuanguo <jinyuanguo@asrmicro.com>
Date:  Sun Mar 15 11:07:58 2020 +0800
------------------------------------------------

crane_git_r70:
commit: 5653cb2616a810e71caa5ca11e184f5cafe19d59
Author: jinyuanguo <jinyuanguo@asrmicro.com>
Date:  Sun Mar 15 11:07:58 2020 +0800
------------------------------------------------

crane_git_r71:
commit: 3f8a3f59eb28654c8c5adbdb4fc1fe1a551ae448
Author: yebinsun <yebinsun@asrmicro.com>
Date:  Sun Mar 15 20:04:41 2020 +0800
------------------------------------------------

crane_git_r72:
commit: 3f8a3f59eb28654c8c5adbdb4fc1fe1a551ae448
Author: yebinsun <yebinsun@asrmicro.com>
Date:  Sun Mar 15 20:04:41 2020 +0800
------------------------------------------------

crane_git_r73:
commit: a0bd236c6619bcbcbfa3c4e6f76a3823a7b2c885
Author: chongchongzhou <chongchongzhou@asrmicro.com>
Date:  Tue Mar 17 11:19:38 2020 +0800
------------------------------------------------

crane_git_r74:
commit: 9c244c10d5df7fef5a9d353029626ea66cb91376
Author: yebinsun <yebinsun@asrmicro.com>
Date:  Tue Mar 17 14:51:24 2020 +0800
------------------------------------------------

crane_git_r75:
commit: af3c3325a95fa20af3002cc50b571499edce5e1f
Author: yebinsun <yebinsun@asrmicro.com>
Date:  Tue Mar 17 15:00:18 2020 +0800
------------------------------------------------

crane_git_r76:
commit: ae8532ed6b760363d7c0f1df527f2f2aeafa6bd2
Author: yebinsun <yebinsun@asrmicro.com>
Date:  Tue Mar 17 17:15:15 2020 +0800
------------------------------------------------

crane_git_r77:
commit: 9cf68bb9808246b33ac71269a775b16c280611af
Author: binwu <binwu@asrmicro.com>
Date:  Tue Mar 17 18:07:55 2020 +0800
------------------------------------------------

crane_git_r78:
commit: d5a06af53d69168539965cc4faefcd163fbcbaf9
Author: yebinsun <yebinsun@asrmicro.com>
Date:  Tue Mar 17 18:46:56 2020 +0800
------------------------------------------------

crane_git_r79:
commit: 282fbb9a32d322bce30c7d27f4967fa3def80c8c
Author: yebinsun <yebinsun@asrmicro.com>
Date:  Wed Mar 18 15:10:20 2020 +0800
------------------------------------------------

crane_git_r80:
commit: 4e5a6f2387484364c6a87ea6f404bb8478658963
Author: yebinsun <yebinsun@asrmicro.com>
Date:  Wed Mar 18 15:55:58 2020 +0800
------------------------------------------------

crane_git_r81:
commit: e7c88e8fbad5c864ebc13a1435f7780c04532df4
Author: chongchongzhou <chongchongzhou@asrmicro.com>
Date:  Wed Mar 18 17:32:11 2020 +0800
------------------------------------------------

crane_git_r82:
commit: 15b034c7a8620a05dec2cefdb5f7fad02029696d
Author: jinyuanguo <jinyuanguo@asrmicro.com>
Date:  Wed Mar 18 18:35:07 2020 +0800
------------------------------------------------

crane_git_r83:
commit: a97f880a6f626f86a535d628fb61f91eac818d09
Author: yebinsun <yebinsun@asrmicro.com>
Date:  Wed Mar 18 20:18:26 2020 +0800
------------------------------------------------

crane_git_r84:
commit: a97f880a6f626f86a535d628fb61f91eac818d09
Author: yebinsun <yebinsun@asrmicro.com>
Date:  Wed Mar 18 20:18:26 2020 +0800
------------------------------------------------

crane_git_r85:
commit: a97f880a6f626f86a535d628fb61f91eac818d09
Author: yebinsun <yebinsun@asrmicro.com>
Date:  Wed Mar 18 20:18:26 2020 +0800
------------------------------------------------

crane_git_r86:
commit: 3c13af21046095203a1af4f452dfb801dba3e1ef
Author: yebinsun <yebinsun@asrmicro.com>
Date:  Thu Mar 19 16:05:41 2020 +0800
------------------------------------------------

crane_git_r87:
commit: 8c99181b41d3950d72bf42852809757ebe3675b1
Author: yuanzhizheng <yuanzhizheng@asrmicro.com>
Date:  Thu Mar 19 19:10:56 2020 +0800
------------------------------------------------

crane_git_r88:
commit: abbaae27cb702f9a315fc395bbb76aa35d2fd726
Author: Zheng Yuanzhi <yuanzhizheng@asrmicro.com>
Date:  Thu Mar 19 20:37:27 2020 +0800
------------------------------------------------

crane_git_r89:
commit: 2f31d2c1e626da7ecf87492d4f1fcb01d8cb5a22
Author: jinyuanguo <jinyuanguo@asrmicro.com>
Date:  Fri Mar 20 18:28:13 2020 +0800
------------------------------------------------

crane_git_r90:
commit: c86f908749de7f548c46c82eb69e15e70ffd0fa6
Author: jinyuanguo <jinyuanguo@asrmicro.com>
Date:  Fri Mar 20 19:57:57 2020 +0800
------------------------------------------------

crane_git_r91:
commit: 20e790fc425191519551deb491fd08e107332ed5
Author: yuanzhizheng <yuanzhizheng@asrmicro.com>
Date:  Fri Mar 20 20:19:03 2020 +0800
------------------------------------------------

crane_git_r92:
commit: e09c67d38861ac8073dd09aa63af4fecc0cc46b3
Author: jinyuanguo <jinyuanguo@asrmicro.com>
Date:  Mon Mar 23 18:52:21 2020 +0800
------------------------------------------------

crane_git_r93:
commit: cd3e5eead2b604f3d811fd167c66e966e3055e2c
Author: binwu <binwu@asrmicro.com>
Date:  Tue Mar 24 10:06:25 2020 +0800
------------------------------------------------

crane_git_r94:
commit: ed9b6da74794e0cd64ca6899422062045325fd97
Author: yebinsun <yebinsun@asrmicro.com>
Date:  Tue Mar 24 10:23:16 2020 +0800
------------------------------------------------

crane_git_r95:
commit: ba68588f9ad1772b5bb9211a04c5baedef9e1e2a
Author: chongchongzhou <chongchongzhou@asrmicro.com>
Date:  Tue Mar 24 13:51:31 2020 +0800
------------------------------------------------

crane_git_r96:
commit: d35aeb1e83ac5b85caf277e72c68321dc66f2f13
Author: jinyuanguo <jinyuanguo@asrmicro.com>
Date:  Tue Mar 24 15:07:43 2020 +0800
------------------------------------------------

crane_git_r97:
commit: 0dcf657e9915ef1c15819be54e7533893bb74779
Author: jinyuanguo <jinyuanguo@asrmicro.com>
Date:  Tue Mar 24 18:47:37 2020 +0800
------------------------------------------------

crane_git_r98:
commit: 4983daeb10684c384d2771133ec9c7165ac4f818
Author: jinyuanguo <jinyuanguo@asrmicro.com>
Date:  Wed Mar 25 09:27:44 2020 +0800
------------------------------------------------

crane_git_r99:
commit: 9d6535b9fd67f403176d83cbd42e9f03bc3e33d2
Author: yuanzhizheng <yuanzhizheng@asrmicro.com>
Date:  Wed Mar 25 19:45:39 2020 +0800
------------------------------------------------

crane_git_r100:
commit: 5c48fc9d7dec1715b73cf69e9fb4df83f89a829a
Author: chongchongzhou <chongchongzhou@asrmicro.com>
Date:  Thu Mar 26 16:28:06 2020 +0800
------------------------------------------------

crane_git_r101:
commit: c585e0c7412f3a9e2d093306a449bcf993e0558f
Author: chongchongzhou <chongchongzhou@asrmicro.com>
Date:  Thu Mar 26 18:29:48 2020 +0800
------------------------------------------------

crane_git_r102:
commit: ff26d7c93ce66582c734dba3b57e37fa0a5ef22c
Author: jinyuanguo <jinyuanguo@asrmicro.com>
Date:  Fri Mar 27 10:16:56 2020 +0800
------------------------------------------------

crane_git_r103:
commit: b7796751e1596d1ba7526584603514da0f1ecdfb
Author: jinyuanguo <jinyuanguo@asrmicro.com>
Date:  Fri Mar 27 17:46:27 2020 +0800
------------------------------------------------

crane_git_r104:
commit: df19f66dcb4cb44a01b36f948673b16119bc12c4
Author: yuanzhizheng <yuanzhizheng@asrmicro.com>
Date:  Fri Mar 27 20:58:04 2020 +0800
------------------------------------------------

crane_git_r105:
commit: c7b77cefc19530fa3e7917a2b01874002d920d08
Author: jinyuanguo <jinyuanguo@asrmicro.com>
Date:  Sat Mar 28 17:14:38 2020 +0800
------------------------------------------------

crane_git_r106:
commit: cf3b9a3bd432134cda7561f7a280f4d989b7c8fc
Author: binwu <binwu@asrmicro.com>
Date:  Sun Mar 29 18:11:49 2020 +0800
------------------------------------------------

crane_git_r107:
commit: cce25bc84bd720b86e4c452152ab7457e24272ca
Author: jinyuanguo <jinyuanguo@asrmicro.com>
Date:  Mon Mar 30 14:03:50 2020 +0800
------------------------------------------------

crane_git_r108:
commit: 4afd6151f486b29b5f28b669f9a5aa4ec831ccdf
Author: jinyuanguo <jinyuanguo@asrmicro.com>
Date:  Mon Mar 30 14:58:38 2020 +0800
------------------------------------------------

crane_git_r109:
commit: 6477059c8b5e7873c664c22b594ad3ea945e8aea
Author: binwu <binwu@asrmicro.com>
Date:  Tue Mar 31 21:16:31 2020 +0800
------------------------------------------------

crane_git_r110:
commit: da8d05806dbd86d945139ff067c82e0ddc100544
Author: binwu <binwu@asrmicro.com>
Date:  Wed Apr 1 08:20:02 2020 +0800
------------------------------------------------

crane_git_r111:
commit: ed26b5b18b4895a5aac585a0ebfb3f4de34bc677
Author: yuanzhizheng <yuanzhizheng@asrmicro.com>
Date:  Thu Apr 2 11:24:59 2020 +0800
------------------------------------------------

crane_git_r112:
commit: ed26b5b18b4895a5aac585a0ebfb3f4de34bc677
Author: yuanzhizheng <yuanzhizheng@asrmicro.com>
Date:  Thu Apr 2 11:24:59 2020 +0800
------------------------------------------------

crane_git_r113:
commit: 53873661858f90e44e03610c6ff088c5b55e9bf8
Author: jinyuanguo <jinyuanguo@asrmicro.com>
Date:  Fri Apr 3 17:21:05 2020 +0800
------------------------------------------------

crane_git_r114:
commit: 8ace3f3a2a7eb2824f88eab54ffe41fc3d42d990
Author: jinyuanguo <jinyuanguo@asrmicro.com>
Date:  Fri Apr 3 20:37:49 2020 +0800
------------------------------------------------

crane_git_r115:
commit: 219ab13c61ea491ed281a2812646f06da4aaccdb
Author: jinyuanguo <jinyuanguo@asrmicro.com>
Date:  Fri Apr 3 22:40:11 2020 +0800
------------------------------------------------

crane_git_r116:
commit: 89cfcfa5ab1b95f64773a6418b31c9f7ccc160ff
Author: yuanzhizheng <yuanzhizheng@asrmicro.com>
Date:  Fri Apr 3 23:20:29 2020 +0800
------------------------------------------------

crane_rc_0011:
commit: 89cfcfa5ab1b95f64773a6418b31c9f7ccc160ff
Author: yuanzhizheng <yuanzhizheng@asrmicro.com>
Date:  Fri Apr 3 23:20:29 2020 +0800
------------------------------------------------

crane_rc_0012:
commit: 0ae80023ae6b73c67a9ed4d64c9dc8c381b96278
Author: yuanzhizheng <yuanzhizheng@asrmicro.com>
Date:  Mon Apr 27 14:48:56 2020 +0800
------------------------------------------------


crane_rc_0013:
commit: 1b4f82b86d874d155b409d6f7189aa449a8dd196
Author: Zheng Yuanzhi <yuanzhizheng@asrmicro.com>
Date:  Tue Apr 28 19:20:40 2020 +0800
------------------------------------------------

crane_rc_0014:
commit: 7611bd0af4980c54f28ab6e6993b5b3e52d97e78
Author: binwu <binwu@asrmicro.com>
Date:  Tue Apr 28 22:31:41 2020 +0800
------------------------------------------------


crane_rc_0015:
commit: eb6c95ec6cc4a5edd543b62be7588c703c197b04
Author: yuanzhizheng <yuanzhizheng@asrmicro.com>
Date:  Wed Apr 29 16:24:15 2020 +0800
------------------------------------------------

crane_rc_0016:
commit: 364670df71e1c2b03f72d43e918e443c92a41ca4
Author: binwu <binwu@asrmicro.com>
Date:  Thu Apr 30 02:17:37 2020 +0800
------------------------------------------------

crane_rc_0017:
commit: 5106ca2a4f223c572b754598d630428e8d13fa5f
Author: yuanzhizheng <yuanzhizheng@asrmicro.com>
Date:  Thu Apr 30 20:13:34 2020 +0800
------------------------------------------------

crane_rc_0018:
commit: 5106ca2a4f223c572b754598d630428e8d13fa5f
Author: yuanzhizheng <yuanzhizheng@asrmicro.com>
Date:  Thu Apr 30 20:13:34 2020 +0800
------------------------------------------------

crane_rc_0019:
commit: 5106ca2a4f223c572b754598d630428e8d13fa5f
Author: yuanzhizheng <yuanzhizheng@asrmicro.com>
Date:  Thu Apr 30 20:13:34 2020 +0800
------------------------------------------------

crane_rc_0020:
commit: 587b0742b94932fa884a18af9d96829b43547a46
Author: yuanzhizheng <yuanzhizheng@asrmicro.com>
Date:  Wed May 6 14:23:03 2020 +0800
------------------------------------------------

crane_rc_0021:
commit: 587b0742b94932fa884a18af9d96829b43547a46
Author: yuanzhizheng <yuanzhizheng@asrmicro.com>
Date:  Wed May 6 14:23:03 2020 +0800
------------------------------------------------

crane_rc_0022:
commit: e19bd687a1dad15e82d943989af13800b7d290bc
Author: yuanzhizheng <yuanzhizheng@asrmicro.com>
Date:  Thu May 7 18:42:59 2020 +0800
------------------------------------------------

crane_rc_0023:
commit: 4898b5950cb4f9262d277721503dc2b1bc02430c
Author: yuanzhizheng <yuanzhizheng@asrmicro.com>
Date:  Fri May 8 19:46:14 2020 +0800
------------------------------------------------

crane_rc_0024:
commit: d129cc40d16672f1e17f0de6bb4e511ca8e31387
Author: binwu <binwu@asrmicro.com>
Date:  Fri May 8 22:35:33 2020 +0800
------------------------------------------------

crane_rc_0025:
commit: e0e58c9040edfdd8ab1318302838da58e109051e
Author: yuanzhizheng <yuanzhizheng@asrmicro.com>
Date:  Sat May 9 14:00:57 2020 +0800
------------------------------------------------

crane_rc_0026:
commit: c5c9d516551bc67a4276b2edde8b09ede4f98b5d
Author: yuanzhizheng <yuanzhizheng@asrmicro.com>
Date:  Sat May 9 15:52:07 2020 +0800
------------------------------------------------

crane_rc_0027:
commit: a5aff364ddada982d631cd7d70f25cb56b5b3840
Author: binwu <binwu@asrmicro.com>
Date:  Sat May 9 22:49:50 2020 +0800
------------------------------------------------

crane_rc_0028:
commit: 9085ebbb6a6fec82b00ec60f1d74fe68ce2e2293
Author: binwu <binwu@asrmicro.com>
Date:  Tue May 12 09:57:47 2020 +0800
------------------------------------------------

crane_rc_0029:
commit: 9085ebbb6a6fec82b00ec60f1d74fe68ce2e2293
Author: binwu <binwu@asrmicro.com>
Date:  Tue May 12 09:57:47 2020 +0800
------------------------------------------------

crane_rc_0030:
commit: a4bed9e52346f1d2c7e87d37dc9bdc326f70e915
Author: binwu <binwu@asrmicro.com>
Date:  Tue May 12 14:09:29 2020 +0800
------------------------------------------------

crane_rc_0031:
commit: c935330a6835175ab524f40f73d9a763bdd32d93
Author: yuanzhizheng <yuanzhizheng@asrmicro.com>
Date:  Tue May 12 20:43:02 2020 +0800
------------------------------------------------

crane_rc_0032:
commit: 0ec0ed7f991d309f447f097a6652e0be30429136
Author: binwu <binwu@asrmicro.com>
Date:  Thu May 14 11:14:03 2020 +0800
------------------------------------------------

crane_rc_0033:
commit: 0ec0ed7f991d309f447f097a6652e0be30429136
Author: binwu <binwu@asrmicro.com>
Date:  Thu May 14 11:14:03 2020 +0800
------------------------------------------------

crane_rc_0034:
commit: 0ec0ed7f991d309f447f097a6652e0be30429136
Author: binwu <binwu@asrmicro.com>
Date:  Thu May 14 11:14:03 2020 +0800
------------------------------------------------

crane_rc_0035:
commit: 7aaf1fd57e5658844ae060caaacdb7a44c9e0419
Author: binwu <binwu@asrmicro.com>
Date:  Fri May 15 15:29:15 2020 +0800
------------------------------------------------

crane_rc_0036:
commit: 26d84d7d660b4e35ecad7cc9637f42098cb3f29b
Author: yuanzhizheng <yuanzhizheng@asrmicro.com>
Date:  Fri May 15 20:18:36 2020 +0800
------------------------------------------------

crane_rc_0037:
commit: 6626ce333674330b76c190cc31c7446552a595de
Author: binwu <binwu@asrmicro.com>
Date:  Fri May 15 20:53:14 2020 +0800
------------------------------------------------

crane_rc_0038:
commit: b91fccb4e3d644e8dcd4dbe5d39d8bbbc1f9ba58
Author: binwu <binwu@asrmicro.com>
Date:  Sat May 16 20:44:54 2020 +0800
------------------------------------------------

crane_rc_0039:
commit: b91fccb4e3d644e8dcd4dbe5d39d8bbbc1f9ba58
Author: binwu <binwu@asrmicro.com>
Date:  Sat May 16 20:44:54 2020 +0800
------------------------------------------------

crane_rc_0040:
commit: f9960a2aa95e2e55758a6a0c4fd825804bcd53d0
Author: binwu <binwu@asrmicro.com>
Date:  Tue May 19 19:28:31 2020 +0800
------------------------------------------------

crane_rc_0041:
commit: 3ab726fd36becfe6047fc72e1125a5f28ab45100
Author: jinyuanguo <jinyuanguo@asrmicro.com>
Date:  Mon May 25 12:23:47 2020 +0800
------------------------------------------------

crane_rc_0042:
commit: d780580eda79e7bd10be6d8ba2e92836ed4a8036
Author: binwu <binwu@asrmicro.com>
Date:  Mon May 25 22:20:58 2020 +0800
------------------------------------------------

crane_rc_0043:
commit: ab5e0e8ed4998aac425f11e9e876008ba576bdfc
Author: yuanzhizheng <yuanzhizheng@asrmicro.com>
Date:  Tue May 26 10:45:27 2020 +0800
------------------------------------------------

crane_rc_0044:
commit: 02a0c88896313472ba77fd4b3406714e22c953c8
Author: binwu <binwu@asrmicro.com>
Date:  Wed May 27 17:20:45 2020 +0800
------------------------------------------------

crane_rc_0045:
commit: f3806d2e6ed96b065e38bf476b07819a231214ad
Author: yuanzhizheng <yuanzhizheng@asrmicro.com>
Date:  Fri May 29 20:27:11 2020 +0800
------------------------------------------------

crane_rc_0046:
commit: c50308a58e5ab7ffb92516afc17476767f1446f4
Author: binwu <binwu@asrmicro.com>
Date:  Mon Jun 1 16:42:20 2020 +0800
------------------------------------------------

crane_rc_0047:
commit: 1451baf85f63e51cf5e3972d4807c73634fca098
Author: yuanzhizheng <yuanzhizheng@asrmicro.com>
Date:  Fri Jun 5 19:49:59 2020 +0800
------------------------------------------------

crane_rc_0048:
commit: e6eb59907f565bfc0032b4480d57f1f893e1a442
Author: binwu <binwu@asrmicro.com>
Date:  Sun Jun 7 20:50:00 2020 +0800
------------------------------------------------

crane_rc_0049:
commit: 02822c6d40fc06bd68b9e40f9a7ae563168bf639
Author: yuanzhizheng <yuanzhizheng@asrmicro.com>
Date:  Mon Jun 8 17:16:02 2020 +0800
------------------------------------------------

