crane_r1_rc_0000:
------------------------------------------------
crane_r1_rc_0001:
commit: ec1d47a988951a822faa9c70572062f50c3213ce
Author: yuanzhizheng <yuanzhizheng@asrmicro.com>
Date:  Fri May 29 12:03:04 2020 +0800
------------------------------------------------

crane_r1_rc_0002:
commit: a05ef67c2ffb0157ee222767173a7479bafc4c2f
Author: taoxue <taoxue@asrmicro.com>
Date:  Fri May 29 15:07:13 2020 +0800
------------------------------------------------

crane_r1_rc_0003:
commit: b76458bc2828ccdc10de15b3134dd45d2ba76b12
Author: xianhongshao <xianhongshao@asrmicro.com>
Date:  Fri May 29 17:25:18 2020 +0800
------------------------------------------------

crane_r1_rc_0004:
commit: 80775f6c2fc9b8d1a95ce10ada87bc4053ff3dc8
Author: yuanzhizheng <yuanzhizheng@asrmicro.com>
Date:  Tue Jun 2 10:53:42 2020 +0800
------------------------------------------------


crane_r1_rc_0005:
commit: c3702150ca9668ada03f305ca7e9bce4d4a9b5d6
Author: binwu <binwu@asrmicro.com>
Date:  Wed Jun 3 11:09:19 2020 +0800
------------------------------------------------

r1_rc:
commit: baed45763580ded8324e08735b6ad1e08564c764
Author: xiaoanhu <xiaoanhu@asrmicro.com>
Date:  Thu Jun 4 14:37:55 2020 +0800
------------------------------------------------

r1_rc:
commit: baed45763580ded8324e08735b6ad1e08564c764
Author: xiaoanhu <xiaoanhu@asrmicro.com>
Date:  Thu Jun 4 14:37:55 2020 +0800
------------------------------------------------

crane_r1_rc_0006:
commit: baed45763580ded8324e08735b6ad1e08564c764
Author: xiaoanhu <xiaoanhu@asrmicro.com>
Date:  Thu Jun 4 14:37:55 2020 +0800
------------------------------------------------

crane_r1_rc_0007:
commit: d3a2c242cc3517f85f3bddc94f38a15f8b39f787
Author: taoxue <taoxue@asrmicro.com>
Date:  Fri Jun 5 17:43:14 2020 +0800
------------------------------------------------

crane_r1_rc_0008:
commit: 6f6bafe4e67cc9dc10b62ddf17c4d7013af0e35b
Author: xiaoanhu <xiaoanhu@asrmicro.com>
Date:  Fri Jun 5 19:18:59 2020 +0800
------------------------------------------------

crane_r1_rc_0009:
commit: dfdb2c55955cf5cc5d4eb2f518400c6d29966e81
Author: yuanzhizheng <yuanzhizheng@asrmicro.com>
Date:  Sat Jun 6 15:29:54 2020 +0800
------------------------------------------------

crane_r1_rc_0010:
commit: 0ab83214de995fb8a7e8781bcfd224ebfed6f772
Author: yuanzhizheng <yuanzhizheng@asrmicro.com>
Date:  Mon Jun 8 17:04:04 2020 +0800
------------------------------------------------

crane_r1_rc_0011:
commit: 6e2cd48aa85260af646630fe91663d95c1ada3fe
Author: xianhongshao <xianhongshao@asrmicro.com>
Date:  Mon Jun 8 17:53:05 2020 +0800
------------------------------------------------

crane_r1_rc_0012:
commit: e8d94e81221223f4da63c0d338e5bc8d33dc5198
Author: taoxue <taoxue@asrmicro.com>
Date:  Mon Jun 8 20:00:01 2020 +0800
------------------------------------------------

crane_r1_rc_0013:
commit: 1c41b207f788f04493e4aad40bc95d52bbd9c166
Author: binwu <binwu@asrmicro.com>
Date:  Wed Jun 10 00:39:03 2020 +0800
------------------------------------------------

crane_r1_rc_0014:
commit: 2a6b5fcfdc0d73cf0782615232be8d31c3130ec0
Author: binwu <binwu@asrmicro.com>
Date:  Wed Jun 10 19:07:41 2020 +0800
------------------------------------------------

crane_r1_rc_0015:
commit: b84269cfde94114aaa46a099686e430569eccfd1
Author: binwu <binwu@asrmicro.com>
Date:  Fri Jun 12 13:29:57 2020 +0800
------------------------------------------------

crane_r1_rc_0016:
commit: b07a2fb2cffa0cfdd9cd404497da3f070f009047
Author: guoqiqin <guoqiqin@asrmicro.com>
Date:  Tue Jun 16 11:59:52 2020 +0800
------------------------------------------------

crane_r1_rc_0017:
commit: 8de0ccf6f6c4fc38065da8ef0c3085816e303522
Author: miantianyu <miantianyu@asrmicro.com>
Date:  Wed Jun 17 15:09:37 2020 +0800
------------------------------------------------

crane_r1_rc_0018:
commit: 4afb76e40e3797c47b15b8cd75edc25b95c65d6c
Author: binwu <binwu@asrmicro.com>
Date:  Wed Jun 17 19:28:48 2020 +0800
------------------------------------------------

crane_r1_rc_0019:
commit: d48898c0500f1a0ed7081e58b98df78569b5d957
Author: binwu <binwu@asrmicro.com>
Date:  Mon Jun 22 11:46:54 2020 +0800
------------------------------------------------

crane_r1_rc_0020:
commit: 3a3f9c5da02f613867fd07a51f74e9f769aca9ae
Author: binwu <binwu@asrmicro.com>
Date:  Mon Jun 22 23:43:03 2020 +0800
------------------------------------------------

crane_r1_rc_0021:
commit: 871a1bb6c95e3c257b9b708a66442e61088d8e5e
Author: binwu <binwu@asrmicro.com>
Date:  Tue Jun 23 10:35:18 2020 +0800
------------------------------------------------

crane_r1_rc_0022:
commit: 517cda1ad961ac7add9293e4c15f5c5ed3118636
Author: yujunzhao <yujunzhao@asrmicro.com>
Date:  Tue Jun 23 13:58:17 2020 +0800
------------------------------------------------

