

E:\baremetal-test\ctest\autoCode\tmp\aibaux.xml
Interpreting...
Compiling...
Compiling registers dependency...
Building perfile...
Aligning perfile...
Creating output perfile...


E:\baremetal-test\ctest\autoCode\tmp\rtc.xml
Interpreting...
Compiling...
Compiling registers dependency...
Building perfile...
Aligning perfile...
Creating output perfile...


E:\baremetal-test\ctest\autoCode\tmp\dma.xml
Interpreting...
Compiling...
Compiling registers dependency...
Building perfile...
Aligning perfile...
Creating output perfile...


E:\baremetal-test\ctest\autoCode\tmp\ipc.xml
Interpreting...
Compiling...
Compiling registers dependency...
Building perfile...
Aligning perfile...
Creating output perfile...


E:\baremetal-test\ctest\autoCode\tmp\tsen.xml
Interpreting...
Compiling...
Compiling registers dependency...
Building perfile...
Aligning perfile...
Creating output perfile...


E:\baremetal-test\ctest\autoCode\tmp\twsi.xml
Interpreting...
Compiling...
Compiling registers dependency...
Building perfile...
Aligning perfile...
Creating output perfile...


E:\baremetal-test\ctest\autoCode\tmp\usb_otg.xml
Interpreting...
Compiling...
Compiling registers dependency...
Building perfile...
Aligning perfile...
Creating output perfile...


E:\baremetal-test\ctest\autoCode\tmp\cpdma.xml
Interpreting...
Compiling...
Compiling registers dependency...
Building perfile...
Aligning perfile...
Creating output perfile...


E:\baremetal-test\ctest\autoCode\tmp\gpio.xml
Interpreting...
Compiling...
Compiling registers dependency...
Building perfile...
Aligning perfile...
Creating output perfile...


E:\baremetal-test\ctest\autoCode\tmp\genericcounter.xml
Interpreting...
Compiling...
Compiling registers dependency...
Building perfile...
Aligning perfile...
Creating output perfile...


E:\baremetal-test\ctest\autoCode\tmp\pwm.xml
Interpreting...
Compiling...
Compiling registers dependency...
Building perfile...
Aligning perfile...
Creating output perfile...


E:\baremetal-test\ctest\autoCode\tmp\resourceipc.xml
Interpreting...
Compiling...
Compiling registers dependency...
Building perfile...
Aligning perfile...
Creating output perfile...


E:\baremetal-test\ctest\autoCode\tmp\pmuccu.xml
Interpreting...
Compiling...
Compiling registers dependency...
Building perfile...
Aligning perfile...
Creating output perfile...


E:\baremetal-test\ctest\autoCode\tmp\timingctrl.xml
Interpreting...
Compiling...
Compiling registers dependency...
Building perfile...
Aligning perfile...
Creating output perfile...


E:\baremetal-test\ctest\autoCode\tmp\uart.xml
Interpreting...
Compiling...
Compiling registers dependency...
Building perfile...
Aligning perfile...
Creating output perfile...


E:\baremetal-test\ctest\autoCode\tmp\mimir_toplevel.xml
Interpreting...
Compiling...
Compiling registers dependency...
Building perfile...
Aligning perfile...
Creating output perfile...


E:\baremetal-test\ctest\autoCode\tmp\pmuap.xml
Interpreting...
Compiling...
Compiling registers dependency...
Building perfile...
Aligning perfile...
Creating output perfile...


E:\baremetal-test\ctest\autoCode\tmp\dsi.xml
Interpreting...
Compiling...
Compiling registers dependency...
Building perfile...
Aligning perfile...
Creating output perfile...


E:\baremetal-test\ctest\autoCode\tmp\dro.xml
Interpreting...
Compiling...
Compiling registers dependency...
Building perfile...
Aligning perfile...
Creating output perfile...


E:\baremetal-test\ctest\autoCode\tmp\pmudvc.xml
Interpreting...
Compiling...
Compiling registers dependency...
Building perfile...
Aligning perfile...
Creating output perfile...


E:\baremetal-test\ctest\autoCode\tmp\pmumain.xml
Interpreting...
Compiling...
Compiling registers dependency...
Building perfile...
Aligning perfile...
Creating output perfile...


E:\baremetal-test\ctest\autoCode\tmp\apbclock.xml
Interpreting...
Compiling...
Compiling registers dependency...
Building perfile...
Aligning perfile...
Creating output perfile...


E:\baremetal-test\ctest\autoCode\tmp\apbcontrol.xml
Interpreting...
Compiling...
Compiling registers dependency...
Building perfile...
Aligning perfile...
Creating output perfile...


E:\baremetal-test\ctest\autoCode\tmp\pmucp.xml
Interpreting...
Compiling...
Compiling registers dependency...
Building perfile...
Aligning perfile...
Creating output perfile...


E:\baremetal-test\ctest\autoCode\tmp\timerspmu.xml
Interpreting...
Compiling...
Compiling registers dependency...
Building perfile...
Aligning perfile...
Creating output perfile...


E:\baremetal-test\ctest\autoCode\tmp\aibmfpr.xml
Interpreting...
Compiling...
Compiling registers dependency...
Building perfile...
Aligning perfile...
Creating output perfile...


E:\baremetal-test\ctest\autoCode\tmp\apb_spare.xml
Interpreting...
Compiling...
Compiling registers dependency...
Building perfile...
Aligning perfile...
Creating output perfile...


E:\baremetal-test\ctest\autoCode\tmp\apbaux.xml
Interpreting...
Compiling...
Compiling registers dependency...
Building perfile...
Aligning perfile...
Creating output perfile...


E:\baremetal-test\ctest\autoCode\tmp\apbec.xml
Interpreting...
Compiling...
Compiling registers dependency...
Building perfile...
Aligning perfile...
Creating output perfile...


E:\baremetal-test\ctest\autoCode\tmp\aspaux.xml
Interpreting...
Compiling...
Compiling registers dependency...
Building perfile...
Aligning perfile...
Creating output perfile...


E:\baremetal-test\ctest\autoCode\tmp\aspec.xml
Interpreting...
Compiling...
Compiling registers dependency...
Building perfile...
Aligning perfile...
Creating output perfile...


E:\baremetal-test\ctest\autoCode\tmp\aspeq.xml
Interpreting...
Compiling...
Compiling registers dependency...
Building perfile...
Aligning perfile...
Creating output perfile...


E:\baremetal-test\ctest\autoCode\tmp\aspmirq.xml
Interpreting...
Compiling...
Compiling registers dependency...
Building perfile...
Aligning perfile...
Creating output perfile...


E:\baremetal-test\ctest\autoCode\tmp\aspv.xml
Interpreting...
Compiling...
Compiling registers dependency...
Building perfile...
Aligning perfile...
Creating output perfile...


E:\baremetal-test\ctest\autoCode\tmp\ciu.xml
Interpreting...
Compiling...
Compiling registers dependency...
Building perfile...
Aligning perfile...
Creating output perfile...


E:\baremetal-test\ctest\autoCode\tmp\ciudragon.xml
Interpreting...
Compiling...
Compiling registers dependency...
Building perfile...
Aligning perfile...
Creating output perfile...


E:\baremetal-test\ctest\autoCode\tmp\dssp.xml
Interpreting...
Compiling...
Compiling registers dependency...
Building perfile...
Aligning perfile...
Creating output perfile...


E:\baremetal-test\ctest\autoCode\tmp\dtc.xml
Interpreting...
Compiling...
Compiling registers dependency...
Building perfile...
Aligning perfile...
Creating output perfile...


E:\baremetal-test\ctest\autoCode\tmp\geu.xml
Interpreting...
Compiling...
Compiling registers dependency...
Building perfile...
Aligning perfile...
Creating output perfile...


E:\baremetal-test\ctest\autoCode\tmp\gpbaux.xml
Interpreting...
Compiling...
Compiling registers dependency...
Building perfile...
Aligning perfile...
Creating output perfile...


E:\baremetal-test\ctest\autoCode\tmp\gpbec.xml
Interpreting...
Compiling...
Compiling registers dependency...
Building perfile...
Aligning perfile...
Creating output perfile...


E:\baremetal-test\ctest\autoCode\tmp\gpbcontrol.xml
Interpreting...
Compiling...
Compiling registers dependency...
Building perfile...
Aligning perfile...
Creating output perfile...


E:\baremetal-test\ctest\autoCode\tmp\gpbeq.xml
Interpreting...
Compiling...
Compiling registers dependency...
Building perfile...
Aligning perfile...
Creating output perfile...


E:\baremetal-test\ctest\autoCode\tmp\gpbv.xml
Interpreting...
Compiling...
Compiling registers dependency...
Building perfile...
Aligning perfile...
Creating output perfile...


E:\baremetal-test\ctest\autoCode\tmp\gpioedge.xml
Interpreting...
Compiling...
Compiling registers dependency...
Building perfile...
Aligning perfile...
Creating output perfile...


E:\baremetal-test\ctest\autoCode\tmp\gssp.xml
Interpreting...
Compiling...
Compiling registers dependency...
Building perfile...
Aligning perfile...
Creating output perfile...


E:\baremetal-test\ctest\autoCode\tmp\ic_usb controller.xml
Interpreting...
Compiling...
Compiling registers dependency...
Building perfile...
Aligning perfile...
Creating output perfile...


E:\baremetal-test\ctest\autoCode\tmp\ic_usb integration register.xml
Interpreting...
Compiling...
Compiling registers dependency...
Building perfile...
Aligning perfile...
Creating output perfile...


E:\baremetal-test\ctest\autoCode\tmp\icu.xml
Interpreting...
Compiling...
Compiling registers dependency...
Building perfile...
Aligning perfile...
Creating output perfile...


E:\baremetal-test\ctest\autoCode\tmp\jtagsw.xml
Interpreting...
Compiling...
Compiling registers dependency...
Building perfile...
Aligning perfile...
Creating output perfile...


E:\baremetal-test\ctest\autoCode\tmp\kpc.xml
Interpreting...
Compiling...
Compiling registers dependency...
Building perfile...
Aligning perfile...
Creating output perfile...


E:\baremetal-test\ctest\autoCode\tmp\nfu.xml
Interpreting...
Compiling...
Compiling registers dependency...
Building perfile...
Aligning perfile...
Creating output perfile...


E:\baremetal-test\ctest\autoCode\tmp\onewire.xml
Interpreting...
Compiling...
Compiling registers dependency...
Building perfile...
Aligning perfile...
Creating output perfile...


E:\baremetal-test\ctest\autoCode\tmp\sc2_csi.xml
Interpreting...
Compiling...
Compiling registers dependency...
Building perfile...
Aligning perfile...
Creating output perfile...


E:\baremetal-test\ctest\autoCode\tmp\sc2_mmu.xml
Interpreting...
Compiling...
Compiling registers dependency...
Building perfile...
Aligning perfile...
Creating output perfile...


E:\baremetal-test\ctest\autoCode\tmp\sdhc.xml
Interpreting...
Compiling...
Compiling registers dependency...
Building perfile...
Aligning perfile...
Creating output perfile...


E:\baremetal-test\ctest\autoCode\tmp\sfo.xml
Interpreting...
Compiling...
Compiling registers dependency...
Building perfile...
Aligning perfile...
Creating output perfile...


E:\baremetal-test\ctest\autoCode\tmp\sleeptimer.xml
Interpreting...
Compiling...
Compiling registers dependency...
Building perfile...
Aligning perfile...
Creating output perfile...


E:\baremetal-test\ctest\autoCode\tmp\slowclock.xml
Interpreting...
Compiling...
Compiling registers dependency...
Building perfile...
Aligning perfile...
Creating output perfile...


E:\baremetal-test\ctest\autoCode\tmp\smc.xml
Interpreting...
Compiling...
Compiling registers dependency...
Building perfile...
Aligning perfile...
Creating output perfile...


E:\baremetal-test\ctest\autoCode\tmp\squ.xml
Interpreting...
Compiling...
Compiling registers dependency...
Building perfile...
Aligning perfile...
Creating output perfile...


E:\baremetal-test\ctest\autoCode\tmp\ssp.xml
Interpreting...
Compiling...
Compiling registers dependency...
Building perfile...
Aligning perfile...
Creating output perfile...


E:\baremetal-test\ctest\autoCode\tmp\tcu.xml
Interpreting...
Compiling...
Compiling registers dependency...
Building perfile...
Aligning perfile...
Creating output perfile...


E:\baremetal-test\ctest\autoCode\tmp\timers_apb.xml
Interpreting...
Compiling...
Compiling registers dependency...
Building perfile...
Aligning perfile...
Creating output perfile...


E:\baremetal-test\ctest\autoCode\tmp\xirq.xml
Interpreting...
Compiling...
Compiling registers dependency...
Building perfile...
Aligning perfile...
Creating output perfile...


E:\baremetal-test\ctest\autoCode\tmp\usim.xml
Interpreting...
Compiling...
Compiling registers dependency...
Building perfile...
Aligning perfile...
Creating output perfile...


E:\baremetal-test\ctest\autoCode\tmp\usb_utmi(otg phy).xml
Interpreting...
Compiling...
Compiling registers dependency...
Building perfile...
Aligning perfile...
Creating output perfile...


Perfile generated successfully
